<?xml version="1.0" encoding="UTF-8"?>
<!-- Generated by org.testng.reporters.JUnitReportReporter -->
<testsuite skipped="0" hostname="Skaliyaperumal1M-BNG1" name="com.test.remote.TestRemoteServer" tests="1" failures="0" timestamp="15 Nov 2022 14:51:47 GMT" time="6.218" errors="0">
  <testcase name="testRemoteConnection" time="6.218" classname="com.test.remote.TestRemoteServer"/>
</testsuite> <!-- com.test.remote.TestRemoteServer -->
